0 info it worked if it ends with ok
1 verbose cli [ '/mnt/ddev-global-cache/nvm_dir/d9dev-web/versions/node/v6.17.1/bin/node',
1 verbose cli   '/home/nikitasmichalakis/.nvm/versions/node/v6.17.1/bin/npm',
1 verbose cli   'run',
1 verbose cli   'watch' ]
2 info using npm@3.10.10
3 info using node@v6.17.1
4 verbose run-script [ 'prewatch', 'watch', 'postwatch' ]
5 info lifecycle demo@~prewatch: demo@
6 silly lifecycle demo@~prewatch: no script for prewatch, continuing
7 info lifecycle demo@~watch: demo@
8 verbose lifecycle demo@~watch: unsafe-perm in lifecycle true
9 verbose lifecycle demo@~watch: PATH: /mnt/ddev-global-cache/nvm_dir/d9dev-web/versions/node/v6.17.1/lib/node_modules/npm/bin/node-gyp-bin:/var/www/html/web/themes/custom/demo/node_modules/.bin:/mnt/ddev-global-cache/nvm_dir/d9dev-web/versions/node/v6.17.1/bin:~/bin:/home/nikitasmichalakis/.nvm/versions/node/v6.17.1/bin:/usr/local/sbin:/usr/local/bin:/usr/sbin:/usr/bin:/sbin:/bin:/var/www/html/vendor/bin:/var/www/html/bin
10 verbose lifecycle demo@~watch: CWD: /var/www/html/web/themes/custom/demo
11 silly lifecycle demo@~watch: Args: [ '-c',
11 silly lifecycle   'cross-env NODE_ENV=development node_modules/webpack/bin/webpack.js --watch --progress --hide-modules --config=node_modules/laravel-mix/setup/webpack.config.js' ]
12 silly lifecycle demo@~watch: Returned: code: 1  signal: null
13 info lifecycle demo@~watch: Failed to exec watch script
14 verbose stack Error: demo@ watch: `cross-env NODE_ENV=development node_modules/webpack/bin/webpack.js --watch --progress --hide-modules --config=node_modules/laravel-mix/setup/webpack.config.js`
14 verbose stack Exit status 1
14 verbose stack     at EventEmitter.<anonymous> (/mnt/ddev-global-cache/nvm_dir/d9dev-web/versions/node/v6.17.1/lib/node_modules/npm/lib/utils/lifecycle.js:255:16)
14 verbose stack     at emitTwo (events.js:106:13)
14 verbose stack     at EventEmitter.emit (events.js:191:7)
14 verbose stack     at ChildProcess.<anonymous> (/mnt/ddev-global-cache/nvm_dir/d9dev-web/versions/node/v6.17.1/lib/node_modules/npm/lib/utils/spawn.js:40:14)
14 verbose stack     at emitTwo (events.js:106:13)
14 verbose stack     at ChildProcess.emit (events.js:191:7)
14 verbose stack     at maybeClose (internal/child_process.js:920:16)
14 verbose stack     at Process.ChildProcess._handle.onexit (internal/child_process.js:230:5)
15 verbose pkgid demo@
16 verbose cwd /var/www/html/web/themes/custom/demo
17 error Linux 5.10.104-linuxkit
18 error argv "/mnt/ddev-global-cache/nvm_dir/d9dev-web/versions/node/v6.17.1/bin/node" "/home/nikitasmichalakis/.nvm/versions/node/v6.17.1/bin/npm" "run" "watch"
19 error node v6.17.1
20 error npm  v3.10.10
21 error code ELIFECYCLE
22 error demo@ watch: `cross-env NODE_ENV=development node_modules/webpack/bin/webpack.js --watch --progress --hide-modules --config=node_modules/laravel-mix/setup/webpack.config.js`
22 error Exit status 1
23 error Failed at the demo@ watch script 'cross-env NODE_ENV=development node_modules/webpack/bin/webpack.js --watch --progress --hide-modules --config=node_modules/laravel-mix/setup/webpack.config.js'.
23 error Make sure you have the latest version of node.js and npm installed.
23 error If you do, this is most likely a problem with the demo package,
23 error not with npm itself.
23 error Tell the author that this fails on your system:
23 error     cross-env NODE_ENV=development node_modules/webpack/bin/webpack.js --watch --progress --hide-modules --config=node_modules/laravel-mix/setup/webpack.config.js
23 error You can get information on how to open an issue for this project with:
23 error     npm bugs demo
23 error Or if that isn't available, you can get their info via:
23 error     npm owner ls demo
23 error There is likely additional logging output above.
24 verbose exit [ 1, true ]
